2020-11-04 11:24:55.140  INFO 70362 --- [main] com.wll.test.Start                       : Starting Start on Mac.local with PID 70362 (/Users/wulinli/git/lock/admin-service/target/classes started by wulinli in /Users/wulinli/git/lock/admin-service)
2020-11-04 11:24:55.143  INFO 70362 --- [main] com.wll.test.Start                       : No active profile set, falling back to default profiles: default
2020-11-04 11:24:55.194  INFO 70362 --- [main] ationConfigEmbeddedWebApplicationContext : Refreshing org.springframework.boot.context.embedded.AnnotationConfigEmbeddedWebApplicationContext@7ea37dbf: startup date [Wed Nov 04 11:24:55 CST 2020]; root of context hierarchy
2020-11-04 11:24:55.539  INFO 70362 --- [background-preinit] o.h.validator.internal.util.Version      : HV000001: Hibernate Validator 5.3.6.Final
2020-11-04 11:24:57.058  INFO 70362 --- [main] s.b.c.e.t.TomcatEmbeddedServletContainer : Tomcat initialized with port(s): 8080 (http)
2020-11-04 11:24:57.105  INFO 70362 --- [main] o.apache.catalina.core.StandardService   : Starting service [Tomcat]
2020-11-04 11:24:57.123  INFO 70362 --- [main] org.apache.catalina.core.StandardEngine  : Starting Servlet Engine: Apache Tomcat/8.5.27
2020-11-04 11:24:57.234  INFO 70362 --- [localhost-startStop-1] o.a.c.c.C.[Tomcat].[localhost].[/]       : Initializing Spring embedded WebApplicationContext
2020-11-04 11:24:57.235  INFO 70362 --- [localhost-startStop-1] o.s.web.context.ContextLoader            : Root WebApplicationContext: initialization completed in 2041 ms
2020-11-04 11:24:57.487  INFO 70362 --- [localhost-startStop-1] o.s.b.w.servlet.ServletRegistrationBean  : Mapping servlet: 'dispatcherServlet' to [/]
2020-11-04 11:24:57.491  INFO 70362 --- [localhost-startStop-1] o.s.b.w.servlet.FilterRegistrationBean   : Mapping filter: 'characterEncodingFilter' to: [/*]
2020-11-04 11:24:57.492  INFO 70362 --- [localhost-startStop-1] o.s.b.w.servlet.FilterRegistrationBean   : Mapping filter: 'hiddenHttpMethodFilter' to: [/*]
2020-11-04 11:24:57.492  INFO 70362 --- [localhost-startStop-1] o.s.b.w.servlet.FilterRegistrationBean   : Mapping filter: 'httpPutFormContentFilter' to: [/*]
2020-11-04 11:24:57.492  INFO 70362 --- [localhost-startStop-1] o.s.b.w.servlet.FilterRegistrationBean   : Mapping filter: 'requestContextFilter' to: [/*]
2020-11-04 11:24:58.046  INFO 70362 --- [main] s.w.s.m.m.a.RequestMappingHandlerAdapter : Looking for @ControllerAdvice: org.springframework.boot.context.embedded.AnnotationConfigEmbeddedWebApplicationContext@7ea37dbf: startup date [Wed Nov 04 11:24:55 CST 2020]; root of context hierarchy
2020-11-04 11:24:58.117  INFO 70362 --- [main] s.w.s.m.m.a.RequestMappingHandlerMapping : Mapped "{[/page/home]}" onto public java.lang.String com.wll.test.controller.PageController.home()
2020-11-04 11:24:58.118  INFO 70362 --- [main] s.w.s.m.m.a.RequestMappingHandlerMapping : Mapped "{[/page/]}" onto public java.lang.String com.wll.test.controller.PageController.index()
2020-11-04 11:24:58.119  INFO 70362 --- [main] s.w.s.m.m.a.RequestMappingHandlerMapping : Mapped "{[/page/login]}" onto public java.lang.String com.wll.test.controller.PageController.detail()
2020-11-04 11:24:58.121  INFO 70362 --- [main] s.w.s.m.m.a.RequestMappingHandlerMapping : Mapped "{[/user/addMessage],methods=[POST]}" onto public java.lang.String com.wll.test.controller.UserController.insert(java.lang.String,java.lang.String,java.lang.String)
2020-11-04 11:24:58.121  INFO 70362 --- [main] s.w.s.m.m.a.RequestMappingHandlerMapping : Mapped "{[/user/deleteOne],methods=[POST]}" onto public java.lang.Object com.wll.test.controller.UserController.login(java.lang.String,java.lang.String)
2020-11-04 11:24:58.121  INFO 70362 --- [main] s.w.s.m.m.a.RequestMappingHandlerMapping : Mapped "{[/user/queryByConditions],methods=[POST]}" onto public java.lang.Object com.wll.test.controller.UserController.queryByConditions(java.lang.String,java.lang.String,java.lang.String,java.lang.String)
2020-11-04 11:24:58.122  INFO 70362 --- [main] s.w.s.m.m.a.RequestMappingHandlerMapping : Mapped "{[/user/queryOne],methods=[POST]}" onto public java.lang.Object com.wll.test.controller.UserController.queryOne(java.lang.String)
2020-11-04 11:24:58.123  WARN 70362 --- [main] ationConfigEmbeddedWebApplicationContext : Exception encountered during context initialization - cancelling refresh attempt: org.springframework.beans.factory.BeanCreationException: Error creating bean with name 'requestMappingHandlerMapping' defined in class path resource [org/springframework/boot/autoconfigure/web/WebMvcAutoConfiguration$EnableWebMvcConfiguration.class]: Invocation of init method failed; nested exception is java.lang.IllegalStateException: Ambiguous mapping. Cannot map 'userController' method 
public java.lang.Object com.wll.test.controller.UserController.deleteOne(java.lang.String)
to {[/user/deleteOne],methods=[POST]}: There is already 'userController' bean method
public java.lang.Object com.wll.test.controller.UserController.login(java.lang.String,java.lang.String) mapped.
2020-11-04 11:24:58.125  INFO 70362 --- [main] o.apache.catalina.core.StandardService   : Stopping service [Tomcat]
2020-11-04 11:24:58.160  INFO 70362 --- [main] utoConfigurationReportLoggingInitializer : 

Error starting ApplicationContext. To display the auto-configuration report re-run your application with 'debug' enabled.
2020-11-04 11:24:58.164 ERROR 70362 --- [main] o.s.boot.SpringApplication               : Application startup failed

org.springframework.beans.factory.BeanCreationException: Error creating bean with name 'requestMappingHandlerMapping' defined in class path resource [org/springframework/boot/autoconfigure/web/WebMvcAutoConfiguration$EnableWebMvcConfiguration.class]: Invocation of init method failed; nested exception is java.lang.IllegalStateException: Ambiguous mapping. Cannot map 'userController' method 
public java.lang.Object com.wll.test.controller.UserController.deleteOne(java.lang.String)
to {[/user/deleteOne],methods=[POST]}: There is already 'userController' bean method
public java.lang.Object com.wll.test.controller.UserController.login(java.lang.String,java.lang.String) mapped.
	at org.springframework.beans.factory.support.AbstractAutowireCapableBeanFactory.initializeBean(AbstractAutowireCapableBeanFactory.java:1628)
	at org.springframework.beans.factory.support.AbstractAutowireCapableBeanFactory.doCreateBean(AbstractAutowireCapableBeanFactory.java:555)
	at org.springframework.beans.factory.support.AbstractAutowireCapableBeanFactory.createBean(AbstractAutowireCapableBeanFactory.java:483)
	at org.springframework.beans.factory.support.AbstractBeanFactory$1.getObject(AbstractBeanFactory.java:306)
	at org.springframework.beans.factory.support.DefaultSingletonBeanRegistry.getSingleton(DefaultSingletonBeanRegistry.java:230)
	at org.springframework.beans.factory.support.AbstractBeanFactory.doGetBean(AbstractBeanFactory.java:302)
	at org.springframework.beans.factory.support.AbstractBeanFactory.getBean(AbstractBeanFactory.java:197)
	at org.springframework.beans.factory.support.DefaultListableBeanFactory.preInstantiateSingletons(DefaultListableBeanFactory.java:761)
	at org.springframework.context.support.AbstractApplicationContext.finishBeanFactoryInitialization(AbstractApplicationContext.java:867)
	at org.springframework.context.support.AbstractApplicationContext.refresh(AbstractApplicationContext.java:543)
	at org.springframework.boot.context.embedded.EmbeddedWebApplicationContext.refresh(EmbeddedWebApplicationContext.java:122)
	at org.springframework.boot.SpringApplication.refresh(SpringApplication.java:693)
	at org.springframework.boot.SpringApplication.refreshContext(SpringApplication.java:360)
	at org.springframework.boot.SpringApplication.run(SpringApplication.java:303)
	at org.springframework.boot.SpringApplication.run(SpringApplication.java:1118)
	at org.springframework.boot.SpringApplication.run(SpringApplication.java:1107)
	at com.wll.test.Start.main(Start.java:9)
Caused by: java.lang.IllegalStateException: Ambiguous mapping. Cannot map 'userController' method 
public java.lang.Object com.wll.test.controller.UserController.deleteOne(java.lang.String)
to {[/user/deleteOne],methods=[POST]}: There is already 'userController' bean method
public java.lang.Object com.wll.test.controller.UserController.login(java.lang.String,java.lang.String) mapped.
	at org.springframework.web.servlet.handler.AbstractHandlerMethodMapping$MappingRegistry.assertUniqueMethodMapping(AbstractHandlerMethodMapping.java:576)
	at org.springframework.web.servlet.handler.AbstractHandlerMethodMapping$MappingRegistry.register(AbstractHandlerMethodMapping.java:540)
	at org.springframework.web.servlet.handler.AbstractHandlerMethodMapping.registerHandlerMethod(AbstractHandlerMethodMapping.java:264)
	at org.springframework.web.servlet.handler.AbstractHandlerMethodMapping.detectHandlerMethods(AbstractHandlerMethodMapping.java:250)
	at org.springframework.web.servlet.handler.AbstractHandlerMethodMapping.initHandlerMethods(AbstractHandlerMethodMapping.java:214)
	at org.springframework.web.servlet.handler.AbstractHandlerMethodMapping.afterPropertiesSet(AbstractHandlerMethodMapping.java:184)
	at org.springframework.web.servlet.mvc.method.annotation.RequestMappingHandlerMapping.afterPropertiesSet(RequestMappingHandlerMapping.java:127)
	at org.springframework.beans.factory.support.AbstractAutowireCapableBeanFactory.invokeInitMethods(AbstractAutowireCapableBeanFactory.java:1687)
	at org.springframework.beans.factory.support.AbstractAutowireCapableBeanFactory.initializeBean(AbstractAutowireCapableBeanFactory.java:1624)
	... 16 common frames omitted

2020-11-04 11:25:35.929  INFO 70379 --- [main] com.wll.test.Start                       : Starting Start on Mac.local with PID 70379 (/Users/wulinli/git/lock/admin-service/target/classes started by wulinli in /Users/wulinli/git/lock/admin-service)
2020-11-04 11:25:35.931  INFO 70379 --- [main] com.wll.test.Start                       : No active profile set, falling back to default profiles: default
2020-11-04 11:25:35.981  INFO 70379 --- [main] ationConfigEmbeddedWebApplicationContext : Refreshing org.springframework.boot.context.embedded.AnnotationConfigEmbeddedWebApplicationContext@290d210d: startup date [Wed Nov 04 11:25:35 CST 2020]; root of context hierarchy
2020-11-04 11:25:36.274  INFO 70379 --- [background-preinit] o.h.validator.internal.util.Version      : HV000001: Hibernate Validator 5.3.6.Final
2020-11-04 11:25:37.346  INFO 70379 --- [main] s.b.c.e.t.TomcatEmbeddedServletContainer : Tomcat initialized with port(s): 8080 (http)
2020-11-04 11:25:37.358  INFO 70379 --- [main] o.apache.catalina.core.StandardService   : Starting service [Tomcat]
2020-11-04 11:25:37.359  INFO 70379 --- [main] org.apache.catalina.core.StandardEngine  : Starting Servlet Engine: Apache Tomcat/8.5.27
2020-11-04 11:25:37.452  INFO 70379 --- [localhost-startStop-1] o.a.c.c.C.[Tomcat].[localhost].[/]       : Initializing Spring embedded WebApplicationContext
2020-11-04 11:25:37.453  INFO 70379 --- [localhost-startStop-1] o.s.web.context.ContextLoader            : Root WebApplicationContext: initialization completed in 1472 ms
2020-11-04 11:25:37.571  INFO 70379 --- [localhost-startStop-1] o.s.b.w.servlet.ServletRegistrationBean  : Mapping servlet: 'dispatcherServlet' to [/]
2020-11-04 11:25:37.575  INFO 70379 --- [localhost-startStop-1] o.s.b.w.servlet.FilterRegistrationBean   : Mapping filter: 'characterEncodingFilter' to: [/*]
2020-11-04 11:25:37.575  INFO 70379 --- [localhost-startStop-1] o.s.b.w.servlet.FilterRegistrationBean   : Mapping filter: 'hiddenHttpMethodFilter' to: [/*]
2020-11-04 11:25:37.576  INFO 70379 --- [localhost-startStop-1] o.s.b.w.servlet.FilterRegistrationBean   : Mapping filter: 'httpPutFormContentFilter' to: [/*]
2020-11-04 11:25:37.576  INFO 70379 --- [localhost-startStop-1] o.s.b.w.servlet.FilterRegistrationBean   : Mapping filter: 'requestContextFilter' to: [/*]
2020-11-04 11:25:38.056  INFO 70379 --- [main] s.w.s.m.m.a.RequestMappingHandlerAdapter : Looking for @ControllerAdvice: org.springframework.boot.context.embedded.AnnotationConfigEmbeddedWebApplicationContext@290d210d: startup date [Wed Nov 04 11:25:35 CST 2020]; root of context hierarchy
2020-11-04 11:25:38.105  INFO 70379 --- [main] s.w.s.m.m.a.RequestMappingHandlerMapping : Mapped "{[/page/login]}" onto public java.lang.String com.wll.test.controller.PageController.detail()
2020-11-04 11:25:38.106  INFO 70379 --- [main] s.w.s.m.m.a.RequestMappingHandlerMapping : Mapped "{[/page/home]}" onto public java.lang.String com.wll.test.controller.PageController.home()
2020-11-04 11:25:38.106  INFO 70379 --- [main] s.w.s.m.m.a.RequestMappingHandlerMapping : Mapped "{[/page/]}" onto public java.lang.String com.wll.test.controller.PageController.index()
2020-11-04 11:25:38.117  INFO 70379 --- [main] s.w.s.m.m.a.RequestMappingHandlerMapping : Mapped "{[/user/login],methods=[POST]}" onto public java.lang.Object com.wll.test.controller.UserController.login(java.lang.String,java.lang.String)
2020-11-04 11:25:38.117  INFO 70379 --- [main] s.w.s.m.m.a.RequestMappingHandlerMapping : Mapped "{[/user/queryByConditions],methods=[POST]}" onto public java.lang.Object com.wll.test.controller.UserController.queryByConditions(java.lang.String,java.lang.String,java.lang.String,java.lang.String)
2020-11-04 11:25:38.118  INFO 70379 --- [main] s.w.s.m.m.a.RequestMappingHandlerMapping : Mapped "{[/user/queryOne],methods=[POST]}" onto public java.lang.Object com.wll.test.controller.UserController.queryOne(java.lang.String)
2020-11-04 11:25:38.118  INFO 70379 --- [main] s.w.s.m.m.a.RequestMappingHandlerMapping : Mapped "{[/user/deleteOne],methods=[POST]}" onto public java.lang.Object com.wll.test.controller.UserController.deleteOne(java.lang.String)
2020-11-04 11:25:38.118  INFO 70379 --- [main] s.w.s.m.m.a.RequestMappingHandlerMapping : Mapped "{[/user/addMessage],methods=[POST]}" onto public java.lang.String com.wll.test.controller.UserController.insert(java.lang.String,java.lang.String,java.lang.String)
2020-11-04 11:25:38.120  INFO 70379 --- [main] s.w.s.m.m.a.RequestMappingHandlerMapping : Mapped "{[/error]}" onto public org.springframework.http.ResponseEntity<java.util.Map<java.lang.String, java.lang.Object>> org.springframework.boot.autoconfigure.web.BasicErrorController.error(javax.servlet.http.HttpServletRequest)
2020-11-04 11:25:38.120  INFO 70379 --- [main] s.w.s.m.m.a.RequestMappingHandlerMapping : Mapped "{[/error],produces=[text/html]}" onto public org.springframework.web.servlet.ModelAndView org.springframework.boot.autoconfigure.web.BasicErrorController.errorHtml(javax.servlet.http.HttpServletRequest,javax.servlet.http.HttpServletResponse)
2020-11-04 11:25:38.153  INFO 70379 --- [main] o.s.w.s.handler.SimpleUrlHandlerMapping  : Mapped URL path [/webjars/**] onto handler of type [class org.springframework.web.servlet.resource.ResourceHttpRequestHandler]
2020-11-04 11:25:38.154  INFO 70379 --- [main] o.s.w.s.handler.SimpleUrlHandlerMapping  : Mapped URL path [/static/**] onto handler of type [class org.springframework.web.servlet.resource.ResourceHttpRequestHandler]
2020-11-04 11:25:38.194  INFO 70379 --- [main] o.s.w.s.handler.SimpleUrlHandlerMapping  : Mapped URL path [/**/favicon.ico] onto handler of type [class org.springframework.web.servlet.resource.ResourceHttpRequestHandler]
2020-11-04 11:25:38.596  INFO 70379 --- [main] o.s.w.s.v.f.FreeMarkerConfigurer         : ClassTemplateLoader for Spring macros added to FreeMarker configuration
2020-11-04 11:25:38.809  INFO 70379 --- [main] o.s.j.e.a.AnnotationMBeanExporter        : Registering beans for JMX exposure on startup
2020-11-04 11:25:38.813  INFO 70379 --- [main] o.s.j.e.a.AnnotationMBeanExporter        : Bean with name 'dataSource' has been autodetected for JMX exposure
2020-11-04 11:25:38.817  INFO 70379 --- [main] o.s.j.e.a.AnnotationMBeanExporter        : Located MBean 'dataSource': registering with JMX server as MBean [com.alibaba.druid.pool:name=dataSource,type=DruidDataSource]
2020-11-04 11:25:38.832  INFO 70379 --- [main] o.a.coyote.http11.Http11NioProtocol      : Initializing ProtocolHandler ["http-nio-8080"]
2020-11-04 11:25:38.846  INFO 70379 --- [main] o.a.coyote.http11.Http11NioProtocol      : Starting ProtocolHandler ["http-nio-8080"]
2020-11-04 11:25:38.861  INFO 70379 --- [main] o.a.tomcat.util.net.NioSelectorPool      : Using a shared selector for servlet write/read
2020-11-04 11:25:38.879  INFO 70379 --- [main] s.b.c.e.t.TomcatEmbeddedServletContainer : Tomcat started on port(s): 8080 (http)
2020-11-04 11:25:38.884  INFO 70379 --- [main] com.wll.test.Start                       : Started Start in 3.494 seconds (JVM running for 3.889)
2020-11-04 11:25:52.727  INFO 70379 --- [http-nio-8080-exec-1] o.a.c.c.C.[Tomcat].[localhost].[/]       : Initializing Spring FrameworkServlet 'dispatcherServlet'
2020-11-04 11:25:52.727  INFO 70379 --- [http-nio-8080-exec-1] o.s.web.servlet.DispatcherServlet        : FrameworkServlet 'dispatcherServlet': initialization started
2020-11-04 11:25:52.745  INFO 70379 --- [http-nio-8080-exec-1] o.s.web.servlet.DispatcherServlet        : FrameworkServlet 'dispatcherServlet': initialization completed in 18 ms
2020-11-04 11:25:52.765  WARN 70379 --- [http-nio-8080-exec-1] o.s.web.servlet.PageNotFound             : No mapping found for HTTP request with URI [/] in DispatcherServlet with name 'dispatcherServlet'
2020-11-04 11:25:58.008  WARN 70379 --- [http-nio-8080-exec-3] o.s.web.servlet.PageNotFound             : No mapping found for HTTP request with URI [/index] in DispatcherServlet with name 'dispatcherServlet'
2020-11-04 11:26:11.294  INFO 70379 --- [Thread-3] ationConfigEmbeddedWebApplicationContext : Closing org.springframework.boot.context.embedded.AnnotationConfigEmbeddedWebApplicationContext@290d210d: startup date [Wed Nov 04 11:25:35 CST 2020]; root of context hierarchy
2020-11-04 11:26:11.295  INFO 70379 --- [Thread-3] o.s.j.e.a.AnnotationMBeanExporter        : Unregistering JMX-exposed beans on shutdown
2020-11-04 11:26:11.295  INFO 70379 --- [Thread-3] o.s.j.e.a.AnnotationMBeanExporter        : Unregistering JMX-exposed beans
2020-11-04 11:27:06.232  INFO 70425 --- [main] com.wll.test.Start                       : Starting Start on Mac.local with PID 70425 (/Users/wulinli/git/lock/admin-service/target/classes started by wulinli in /Users/wulinli/git/lock/admin-service)
2020-11-04 11:27:06.236  INFO 70425 --- [main] com.wll.test.Start                       : No active profile set, falling back to default profiles: default
2020-11-04 11:27:06.287  INFO 70425 --- [main] ationConfigEmbeddedWebApplicationContext : Refreshing org.springframework.boot.context.embedded.AnnotationConfigEmbeddedWebApplicationContext@290d210d: startup date [Wed Nov 04 11:27:06 CST 2020]; root of context hierarchy
2020-11-04 11:27:06.606  INFO 70425 --- [background-preinit] o.h.validator.internal.util.Version      : HV000001: Hibernate Validator 5.3.6.Final
2020-11-04 11:27:07.910  INFO 70425 --- [main] s.b.c.e.t.TomcatEmbeddedServletContainer : Tomcat initialized with port(s): 8080 (http)
2020-11-04 11:27:07.924  INFO 70425 --- [main] o.apache.catalina.core.StandardService   : Starting service [Tomcat]
2020-11-04 11:27:07.925  INFO 70425 --- [main] org.apache.catalina.core.StandardEngine  : Starting Servlet Engine: Apache Tomcat/8.5.27
2020-11-04 11:27:08.019  INFO 70425 --- [localhost-startStop-1] o.a.c.c.C.[Tomcat].[localhost].[/]       : Initializing Spring embedded WebApplicationContext
2020-11-04 11:27:08.019  INFO 70425 --- [localhost-startStop-1] o.s.web.context.ContextLoader            : Root WebApplicationContext: initialization completed in 1733 ms
2020-11-04 11:27:08.159  INFO 70425 --- [localhost-startStop-1] o.s.b.w.servlet.ServletRegistrationBean  : Mapping servlet: 'dispatcherServlet' to [/]
2020-11-04 11:27:08.163  INFO 70425 --- [localhost-startStop-1] o.s.b.w.servlet.FilterRegistrationBean   : Mapping filter: 'characterEncodingFilter' to: [/*]
2020-11-04 11:27:08.164  INFO 70425 --- [localhost-startStop-1] o.s.b.w.servlet.FilterRegistrationBean   : Mapping filter: 'hiddenHttpMethodFilter' to: [/*]
2020-11-04 11:27:08.164  INFO 70425 --- [localhost-startStop-1] o.s.b.w.servlet.FilterRegistrationBean   : Mapping filter: 'httpPutFormContentFilter' to: [/*]
2020-11-04 11:27:08.165  INFO 70425 --- [localhost-startStop-1] o.s.b.w.servlet.FilterRegistrationBean   : Mapping filter: 'requestContextFilter' to: [/*]
2020-11-04 11:27:08.704  INFO 70425 --- [main] s.w.s.m.m.a.RequestMappingHandlerAdapter : Looking for @ControllerAdvice: org.springframework.boot.context.embedded.AnnotationConfigEmbeddedWebApplicationContext@290d210d: startup date [Wed Nov 04 11:27:06 CST 2020]; root of context hierarchy
2020-11-04 11:27:08.765  INFO 70425 --- [main] s.w.s.m.m.a.RequestMappingHandlerMapping : Mapped "{[/login]}" onto public java.lang.String com.wll.test.controller.PageController.detail()
2020-11-04 11:27:08.770  INFO 70425 --- [main] s.w.s.m.m.a.RequestMappingHandlerMapping : Mapped "{[/home]}" onto public java.lang.String com.wll.test.controller.PageController.home()
2020-11-04 11:27:08.770  INFO 70425 --- [main] s.w.s.m.m.a.RequestMappingHandlerMapping : Mapped "{[/]}" onto public java.lang.String com.wll.test.controller.PageController.index()
2020-11-04 11:27:08.772  INFO 70425 --- [main] s.w.s.m.m.a.RequestMappingHandlerMapping : Mapped "{[/user/login],methods=[POST]}" onto public java.lang.Object com.wll.test.controller.UserController.login(java.lang.String,java.lang.String)
2020-11-04 11:27:08.772  INFO 70425 --- [main] s.w.s.m.m.a.RequestMappingHandlerMapping : Mapped "{[/user/queryByConditions],methods=[POST]}" onto public java.lang.Object com.wll.test.controller.UserController.queryByConditions(java.lang.String,java.lang.String,java.lang.String,java.lang.String)
2020-11-04 11:27:08.773  INFO 70425 --- [main] s.w.s.m.m.a.RequestMappingHandlerMapping : Mapped "{[/user/queryOne],methods=[POST]}" onto public java.lang.Object com.wll.test.controller.UserController.queryOne(java.lang.String)
2020-11-04 11:27:08.773  INFO 70425 --- [main] s.w.s.m.m.a.RequestMappingHandlerMapping : Mapped "{[/user/deleteOne],methods=[POST]}" onto public java.lang.Object com.wll.test.controller.UserController.deleteOne(java.lang.String)
2020-11-04 11:27:08.773  INFO 70425 --- [main] s.w.s.m.m.a.RequestMappingHandlerMapping : Mapped "{[/user/addMessage],methods=[POST]}" onto public java.lang.String com.wll.test.controller.UserController.insert(java.lang.String,java.lang.String,java.lang.String)
2020-11-04 11:27:08.775  INFO 70425 --- [main] s.w.s.m.m.a.RequestMappingHandlerMapping : Mapped "{[/error]}" onto public org.springframework.http.ResponseEntity<java.util.Map<java.lang.String, java.lang.Object>> org.springframework.boot.autoconfigure.web.BasicErrorController.error(javax.servlet.http.HttpServletRequest)
2020-11-04 11:27:08.775  INFO 70425 --- [main] s.w.s.m.m.a.RequestMappingHandlerMapping : Mapped "{[/error],produces=[text/html]}" onto public org.springframework.web.servlet.ModelAndView org.springframework.boot.autoconfigure.web.BasicErrorController.errorHtml(javax.servlet.http.HttpServletRequest,javax.servlet.http.HttpServletResponse)
2020-11-04 11:27:08.799  INFO 70425 --- [main] o.s.w.s.handler.SimpleUrlHandlerMapping  : Mapped URL path [/webjars/**] onto handler of type [class org.springframework.web.servlet.resource.ResourceHttpRequestHandler]
2020-11-04 11:27:08.800  INFO 70425 --- [main] o.s.w.s.handler.SimpleUrlHandlerMapping  : Mapped URL path [/static/**] onto handler of type [class org.springframework.web.servlet.resource.ResourceHttpRequestHandler]
2020-11-04 11:27:08.838  INFO 70425 --- [main] o.s.w.s.handler.SimpleUrlHandlerMapping  : Mapped URL path [/**/favicon.ico] onto handler of type [class org.springframework.web.servlet.resource.ResourceHttpRequestHandler]
2020-11-04 11:27:09.169  INFO 70425 --- [main] o.s.w.s.v.f.FreeMarkerConfigurer         : ClassTemplateLoader for Spring macros added to FreeMarker configuration
2020-11-04 11:27:09.381  INFO 70425 --- [main] o.s.j.e.a.AnnotationMBeanExporter        : Registering beans for JMX exposure on startup
2020-11-04 11:27:09.382  INFO 70425 --- [main] o.s.j.e.a.AnnotationMBeanExporter        : Bean with name 'dataSource' has been autodetected for JMX exposure
2020-11-04 11:27:09.386  INFO 70425 --- [main] o.s.j.e.a.AnnotationMBeanExporter        : Located MBean 'dataSource': registering with JMX server as MBean [com.alibaba.druid.pool:name=dataSource,type=DruidDataSource]
2020-11-04 11:27:09.400  INFO 70425 --- [main] o.a.coyote.http11.Http11NioProtocol      : Initializing ProtocolHandler ["http-nio-8080"]
2020-11-04 11:27:09.409  INFO 70425 --- [main] o.a.coyote.http11.Http11NioProtocol      : Starting ProtocolHandler ["http-nio-8080"]
2020-11-04 11:27:09.424  INFO 70425 --- [main] o.a.tomcat.util.net.NioSelectorPool      : Using a shared selector for servlet write/read
2020-11-04 11:27:09.440  INFO 70425 --- [main] s.b.c.e.t.TomcatEmbeddedServletContainer : Tomcat started on port(s): 8080 (http)
2020-11-04 11:27:09.445  INFO 70425 --- [main] com.wll.test.Start                       : Started Start in 3.597 seconds (JVM running for 4.034)
2020-11-04 11:27:14.031  INFO 70425 --- [http-nio-8080-exec-1] o.a.c.c.C.[Tomcat].[localhost].[/]       : Initializing Spring FrameworkServlet 'dispatcherServlet'
2020-11-04 11:27:14.032  INFO 70425 --- [http-nio-8080-exec-1] o.s.web.servlet.DispatcherServlet        : FrameworkServlet 'dispatcherServlet': initialization started
2020-11-04 11:27:14.056  INFO 70425 --- [http-nio-8080-exec-1] o.s.web.servlet.DispatcherServlet        : FrameworkServlet 'dispatcherServlet': initialization completed in 24 ms
2020-11-04 11:27:14.380  WARN 70425 --- [http-nio-8080-exec-4] o.s.web.servlet.PageNotFound             : No mapping found for HTTP request with URI [/img/clipboard.min.js] in DispatcherServlet with name 'dispatcherServlet'
2020-11-04 11:27:14.680  WARN 70425 --- [http-nio-8080-exec-8] o.s.web.servlet.PageNotFound             : No mapping found for HTTP request with URI [/img/wx.gif] in DispatcherServlet with name 'dispatcherServlet'
2020-11-04 11:27:14.714  WARN 70425 --- [http-nio-8080-exec-10] o.s.web.servlet.PageNotFound             : No mapping found for HTTP request with URI [/img/clipboard.min.js] in DispatcherServlet with name 'dispatcherServlet'
2020-11-04 11:27:14.741  WARN 70425 --- [http-nio-8080-exec-1] o.s.web.servlet.PageNotFound             : No mapping found for HTTP request with URI [/img/15517592323.jpg] in DispatcherServlet with name 'dispatcherServlet'
2020-11-04 11:27:16.319  WARN 70425 --- [http-nio-8080-exec-4] o.s.web.servlet.PageNotFound             : No mapping found for HTTP request with URI [/jzgf/uploads/allimg/191203/1-191203144K00-L.jpg] in DispatcherServlet with name 'dispatcherServlet'
2020-11-04 11:27:16.320  WARN 70425 --- [http-nio-8080-exec-5] o.s.web.servlet.PageNotFound             : No mapping found for HTTP request with URI [/jzgf/uploads/allimg/191203/1-1912031441500-L.jpg] in DispatcherServlet with name 'dispatcherServlet'
2020-11-04 11:27:16.321  WARN 70425 --- [http-nio-8080-exec-2] o.s.web.servlet.PageNotFound             : No mapping found for HTTP request with URI [/jzgf/uploads/allimg/200829/1-200R9151S60-L.jpg] in DispatcherServlet with name 'dispatcherServlet'
2020-11-04 11:27:16.319  WARN 70425 --- [http-nio-8080-exec-9] o.s.web.servlet.PageNotFound             : No mapping found for HTTP request with URI [/jzgf/uploads/allimg/200828/1-200RQ540460-L.jpg] in DispatcherServlet with name 'dispatcherServlet'
2020-11-04 11:27:16.321  WARN 70425 --- [http-nio-8080-exec-6] o.s.web.servlet.PageNotFound             : No mapping found for HTTP request with URI [/jzgf/uploads/allimg/200817/1-200QG634420-L.jpg] in DispatcherServlet with name 'dispatcherServlet'
2020-11-04 11:27:16.337  WARN 70425 --- [http-nio-8080-exec-3] o.s.web.servlet.PageNotFound             : No mapping found for HTTP request with URI [/jzgf/uploads/allimg/161121/1-1611211431260-L.jpg] in DispatcherServlet with name 'dispatcherServlet'
2020-11-04 11:27:16.328  WARN 70425 --- [http-nio-8080-exec-7] o.s.web.servlet.PageNotFound             : No mapping found for HTTP request with URI [/jzgf/uploads/allimg/200829/1-200R91521390-L.jpg] in DispatcherServlet with name 'dispatcherServlet'
2020-11-04 11:27:16.338  WARN 70425 --- [http-nio-8080-exec-9] o.s.web.servlet.PageNotFound             : No mapping found for HTTP request with URI [/jzgf/uploads/allimg/191203/1-1912031511130-L.jpg] in DispatcherServlet with name 'dispatcherServlet'
2020-11-04 11:27:16.338  WARN 70425 --- [http-nio-8080-exec-8] o.s.web.servlet.PageNotFound             : No mapping found for HTTP request with URI [/jzgf/uploads/allimg/191203/1-1912031514140-L.jpg] in DispatcherServlet with name 'dispatcherServlet'
2020-11-04 11:27:16.411  WARN 70425 --- [http-nio-8080-exec-1] o.s.web.servlet.PageNotFound             : No mapping found for HTTP request with URI [/jzgf/uploads/allimg/191203/1-191203150P70-L.jpg] in DispatcherServlet with name 'dispatcherServlet'
2020-11-04 11:27:16.412  WARN 70425 --- [http-nio-8080-exec-4] o.s.web.servlet.PageNotFound             : No mapping found for HTTP request with URI [/jzgf/uploads/allimg/191203/1-1912031506430-L.jpg] in DispatcherServlet with name 'dispatcherServlet'
2020-11-04 11:27:16.415  WARN 70425 --- [http-nio-8080-exec-5] o.s.web.servlet.PageNotFound             : No mapping found for HTTP request with URI [/jzgf/uploads/allimg/161121/1-1611211430080-L.jpg] in DispatcherServlet with name 'dispatcherServlet'
2020-11-04 11:27:16.693  WARN 70425 --- [http-nio-8080-exec-2] o.s.web.servlet.PageNotFound             : No mapping found for HTTP request with URI [/jzgf/uploads/allimg/191203/1-1912031635380-L.jpg] in DispatcherServlet with name 'dispatcherServlet'
2020-11-04 11:27:16.694  WARN 70425 --- [http-nio-8080-exec-3] o.s.web.servlet.PageNotFound             : No mapping found for HTTP request with URI [/jzgf/uploads/allimg/191203/1-1912031631580-L.jpg] in DispatcherServlet with name 'dispatcherServlet'
2020-11-04 11:27:16.694  WARN 70425 --- [http-nio-8080-exec-10] o.s.web.servlet.PageNotFound             : No mapping found for HTTP request with URI [/jzgf/uploads/allimg/191025/1-1910251G5540-L.jpg] in DispatcherServlet with name 'dispatcherServlet'
2020-11-04 11:27:16.775  WARN 70425 --- [http-nio-8080-exec-8] o.s.web.servlet.PageNotFound             : No mapping found for HTTP request with URI [/jzgf/uploads/allimg/191025/1-1910251639320-L.jpg] in DispatcherServlet with name 'dispatcherServlet'
2020-11-04 11:27:16.775  WARN 70425 --- [http-nio-8080-exec-6] o.s.web.servlet.PageNotFound             : No mapping found for HTTP request with URI [/jzgf/uploads/allimg/191203/1-1912031636440-L.jpg] in DispatcherServlet with name 'dispatcherServlet'
2020-11-04 11:27:16.779  WARN 70425 --- [http-nio-8080-exec-9] o.s.web.servlet.PageNotFound             : No mapping found for HTTP request with URI [/jzgf/uploads/allimg/191203/1-1912031630070-L.jpg] in DispatcherServlet with name 'dispatcherServlet'
2020-11-04 11:27:16.926  WARN 70425 --- [http-nio-8080-exec-1] o.s.web.servlet.PageNotFound             : No mapping found for HTTP request with URI [/jzgf/uploads/allimg/191025/1-1910251426080-L.jpg] in DispatcherServlet with name 'dispatcherServlet'
2020-11-04 11:27:16.926  WARN 70425 --- [http-nio-8080-exec-7] o.s.web.servlet.PageNotFound             : No mapping found for HTTP request with URI [/jzgf/uploads/allimg/191025/1-1910251504560-L.jpg] in DispatcherServlet with name 'dispatcherServlet'
2020-11-04 11:27:16.926  WARN 70425 --- [http-nio-8080-exec-4] o.s.web.servlet.PageNotFound             : No mapping found for HTTP request with URI [/jzgf/uploads/allimg/191025/1-191025144A40-L.jpg] in DispatcherServlet with name 'dispatcherServlet'
2020-11-04 11:27:17.030  WARN 70425 --- [http-nio-8080-exec-5] o.s.web.servlet.PageNotFound             : No mapping found for HTTP request with URI [/jzgf/uploads/allimg/191025/1-191025141Q60-L.jpg] in DispatcherServlet with name 'dispatcherServlet'
2020-11-04 11:27:17.034  WARN 70425 --- [http-nio-8080-exec-10] o.s.web.servlet.PageNotFound             : No mapping found for HTTP request with URI [/jzgf/uploads/allimg/191025/1-1910251302020-L.jpg] in DispatcherServlet with name 'dispatcherServlet'
2020-11-04 11:27:17.035  WARN 70425 --- [http-nio-8080-exec-2] o.s.web.servlet.PageNotFound             : No mapping found for HTTP request with URI [/jzgf/uploads/allimg/191025/1-1910251345470-L.jpg] in DispatcherServlet with name 'dispatcherServlet'
2020-11-04 11:27:17.130  WARN 70425 --- [http-nio-8080-exec-8] o.s.web.servlet.PageNotFound             : No mapping found for HTTP request with URI [/jzgf/uploads/allimg/161120/1-1611201J1070-L.jpg] in DispatcherServlet with name 'dispatcherServlet'
2020-11-04 11:27:17.131  WARN 70425 --- [http-nio-8080-exec-9] o.s.web.servlet.PageNotFound             : No mapping found for HTTP request with URI [/jzgf/uploads/allimg/161120/1-1611201HA30-L.jpg] in DispatcherServlet with name 'dispatcherServlet'
2020-11-04 11:27:17.132  WARN 70425 --- [http-nio-8080-exec-3] o.s.web.servlet.PageNotFound             : No mapping found for HTTP request with URI [/jzgf/uploads/allimg/161120/1-1611201G3510-L.jpg] in DispatcherServlet with name 'dispatcherServlet'
2020-11-04 11:27:17.295  WARN 70425 --- [http-nio-8080-exec-6] o.s.web.servlet.PageNotFound             : No mapping found for HTTP request with URI [/jzgf/uploads/allimg/161120/1-1611201I2580-L.jpg] in DispatcherServlet with name 'dispatcherServlet'
2020-11-04 11:27:17.298  WARN 70425 --- [http-nio-8080-exec-4] o.s.web.servlet.PageNotFound             : No mapping found for HTTP request with URI [/jzgf/uploads/allimg/161120/1-1611201K3410-L.jpg] in DispatcherServlet with name 'dispatcherServlet'
2020-11-04 11:27:17.299  WARN 70425 --- [http-nio-8080-exec-7] o.s.web.servlet.PageNotFound             : No mapping found for HTTP request with URI [/jzgf/uploads/allimg/161120/1-1611201J9560-L.jpg] in DispatcherServlet with name 'dispatcherServlet'
2020-11-04 11:28:58.850  WARN 70425 --- [http-nio-8080-exec-8] o.s.web.servlet.PageNotFound             : No mapping found for HTTP request with URI [/jzgf/uploads/allimg/200828/1-200RQ540460-L.jpg] in DispatcherServlet with name 'dispatcherServlet'
2020-11-04 11:28:58.851  WARN 70425 --- [http-nio-8080-exec-7] o.s.web.servlet.PageNotFound             : No mapping found for HTTP request with URI [/jzgf/uploads/allimg/200829/1-200R9151S60-L.jpg] in DispatcherServlet with name 'dispatcherServlet'
2020-11-04 11:28:58.851  WARN 70425 --- [http-nio-8080-exec-6] o.s.web.servlet.PageNotFound             : No mapping found for HTTP request with URI [/jzgf/uploads/allimg/200829/1-200R91521390-L.jpg] in DispatcherServlet with name 'dispatcherServlet'
2020-11-04 11:28:58.901  WARN 70425 --- [http-nio-8080-exec-4] o.s.web.servlet.PageNotFound             : No mapping found for HTTP request with URI [/jzgf/uploads/allimg/200817/1-200QG634420-L.jpg] in DispatcherServlet with name 'dispatcherServlet'
2020-11-04 11:28:58.902  WARN 70425 --- [http-nio-8080-exec-1] o.s.web.servlet.PageNotFound             : No mapping found for HTTP request with URI [/jzgf/uploads/allimg/191203/1-1912031441500-L.jpg] in DispatcherServlet with name 'dispatcherServlet'
2020-11-04 11:28:58.902  WARN 70425 --- [http-nio-8080-exec-10] o.s.web.servlet.PageNotFound             : No mapping found for HTTP request with URI [/jzgf/uploads/allimg/191203/1-191203144K00-L.jpg] in DispatcherServlet with name 'dispatcherServlet'
2020-11-04 11:28:59.047  WARN 70425 --- [http-nio-8080-exec-5] o.s.web.servlet.PageNotFound             : No mapping found for HTTP request with URI [/jzgf/uploads/allimg/161121/1-1611211431260-L.jpg] in DispatcherServlet with name 'dispatcherServlet'
2020-11-04 11:28:59.048  WARN 70425 --- [http-nio-8080-exec-2] o.s.web.servlet.PageNotFound             : No mapping found for HTTP request with URI [/jzgf/uploads/allimg/191203/1-1912031511130-L.jpg] in DispatcherServlet with name 'dispatcherServlet'
2020-11-04 11:28:59.048  WARN 70425 --- [http-nio-8080-exec-9] o.s.web.servlet.PageNotFound             : No mapping found for HTTP request with URI [/jzgf/uploads/allimg/191203/1-1912031514140-L.jpg] in DispatcherServlet with name 'dispatcherServlet'
2020-11-04 11:28:59.114  WARN 70425 --- [http-nio-8080-exec-3] o.s.web.servlet.PageNotFound             : No mapping found for HTTP request with URI [/jzgf/uploads/allimg/191203/1-191203150P70-L.jpg] in DispatcherServlet with name 'dispatcherServlet'
2020-11-04 11:28:59.115  WARN 70425 --- [http-nio-8080-exec-7] o.s.web.servlet.PageNotFound             : No mapping found for HTTP request with URI [/jzgf/uploads/allimg/191203/1-1912031506430-L.jpg] in DispatcherServlet with name 'dispatcherServlet'
2020-11-04 11:28:59.119  WARN 70425 --- [http-nio-8080-exec-8] o.s.web.servlet.PageNotFound             : No mapping found for HTTP request with URI [/jzgf/uploads/allimg/161121/1-1611211430080-L.jpg] in DispatcherServlet with name 'dispatcherServlet'
2020-11-04 11:28:59.163  WARN 70425 --- [http-nio-8080-exec-6] o.s.web.servlet.PageNotFound             : No mapping found for HTTP request with URI [/jzgf/uploads/allimg/191203/1-1912031635380-L.jpg] in DispatcherServlet with name 'dispatcherServlet'
2020-11-04 11:28:59.163  WARN 70425 --- [http-nio-8080-exec-4] o.s.web.servlet.PageNotFound             : No mapping found for HTTP request with URI [/jzgf/uploads/allimg/191203/1-1912031631580-L.jpg] in DispatcherServlet with name 'dispatcherServlet'
2020-11-04 11:28:59.170  WARN 70425 --- [http-nio-8080-exec-1] o.s.web.servlet.PageNotFound             : No mapping found for HTTP request with URI [/jzgf/uploads/allimg/191025/1-1910251G5540-L.jpg] in DispatcherServlet with name 'dispatcherServlet'
2020-11-04 11:28:59.198  WARN 70425 --- [http-nio-8080-exec-10] o.s.web.servlet.PageNotFound             : No mapping found for HTTP request with URI [/jzgf/uploads/allimg/191203/1-1912031636440-L.jpg] in DispatcherServlet with name 'dispatcherServlet'
2020-11-04 11:28:59.198  WARN 70425 --- [http-nio-8080-exec-9] o.s.web.servlet.PageNotFound             : No mapping found for HTTP request with URI [/jzgf/uploads/allimg/191203/1-1912031630070-L.jpg] in DispatcherServlet with name 'dispatcherServlet'
2020-11-04 11:28:59.199  WARN 70425 --- [http-nio-8080-exec-5] o.s.web.servlet.PageNotFound             : No mapping found for HTTP request with URI [/jzgf/uploads/allimg/191025/1-1910251639320-L.jpg] in DispatcherServlet with name 'dispatcherServlet'
2020-11-04 11:28:59.268  WARN 70425 --- [http-nio-8080-exec-2] o.s.web.servlet.PageNotFound             : No mapping found for HTTP request with URI [/jzgf/uploads/allimg/191025/1-1910251504560-L.jpg] in DispatcherServlet with name 'dispatcherServlet'
2020-11-04 11:28:59.279  WARN 70425 --- [http-nio-8080-exec-7] o.s.web.servlet.PageNotFound             : No mapping found for HTTP request with URI [/jzgf/uploads/allimg/191025/1-191025144A40-L.jpg] in DispatcherServlet with name 'dispatcherServlet'
2020-11-04 11:28:59.281  WARN 70425 --- [http-nio-8080-exec-3] o.s.web.servlet.PageNotFound             : No mapping found for HTTP request with URI [/jzgf/uploads/allimg/191025/1-1910251426080-L.jpg] in DispatcherServlet with name 'dispatcherServlet'
2020-11-04 11:28:59.380  WARN 70425 --- [http-nio-8080-exec-8] o.s.web.servlet.PageNotFound             : No mapping found for HTTP request with URI [/jzgf/uploads/allimg/191025/1-191025141Q60-L.jpg] in DispatcherServlet with name 'dispatcherServlet'
2020-11-04 11:28:59.388  WARN 70425 --- [http-nio-8080-exec-6] o.s.web.servlet.PageNotFound             : No mapping found for HTTP request with URI [/jzgf/uploads/allimg/191025/1-1910251345470-L.jpg] in DispatcherServlet with name 'dispatcherServlet'
2020-11-04 11:28:59.388  WARN 70425 --- [http-nio-8080-exec-4] o.s.web.servlet.PageNotFound             : No mapping found for HTTP request with URI [/jzgf/uploads/allimg/191025/1-1910251302020-L.jpg] in DispatcherServlet with name 'dispatcherServlet'
2020-11-04 11:28:59.446  WARN 70425 --- [http-nio-8080-exec-1] o.s.web.servlet.PageNotFound             : No mapping found for HTTP request with URI [/jzgf/uploads/allimg/161120/1-1611201G3510-L.jpg] in DispatcherServlet with name 'dispatcherServlet'
2020-11-04 11:28:59.447  WARN 70425 --- [http-nio-8080-exec-10] o.s.web.servlet.PageNotFound             : No mapping found for HTTP request with URI [/jzgf/uploads/allimg/161120/1-1611201J1070-L.jpg] in DispatcherServlet with name 'dispatcherServlet'
2020-11-04 11:28:59.451  WARN 70425 --- [http-nio-8080-exec-9] o.s.web.servlet.PageNotFound             : No mapping found for HTTP request with URI [/jzgf/uploads/allimg/161120/1-1611201HA30-L.jpg] in DispatcherServlet with name 'dispatcherServlet'
2020-11-04 11:28:59.481  WARN 70425 --- [http-nio-8080-exec-5] o.s.web.servlet.PageNotFound             : No mapping found for HTTP request with URI [/jzgf/uploads/allimg/161120/1-1611201I2580-L.jpg] in DispatcherServlet with name 'dispatcherServlet'
2020-11-04 11:28:59.481  WARN 70425 --- [http-nio-8080-exec-2] o.s.web.servlet.PageNotFound             : No mapping found for HTTP request with URI [/jzgf/uploads/allimg/161120/1-1611201K3410-L.jpg] in DispatcherServlet with name 'dispatcherServlet'
2020-11-04 11:28:59.482  WARN 70425 --- [http-nio-8080-exec-7] o.s.web.servlet.PageNotFound             : No mapping found for HTTP request with URI [/jzgf/uploads/allimg/161120/1-1611201J9560-L.jpg] in DispatcherServlet with name 'dispatcherServlet'
2020-11-04 11:29:55.088  WARN 70425 --- [http-nio-8080-exec-5] o.s.web.servlet.PageNotFound             : No mapping found for HTTP request with URI [/img/clipboard.min.js] in DispatcherServlet with name 'dispatcherServlet'
2020-11-04 11:29:55.348  WARN 70425 --- [http-nio-8080-exec-1] o.s.web.servlet.PageNotFound             : No mapping found for HTTP request with URI [/img/wx.gif] in DispatcherServlet with name 'dispatcherServlet'
2020-11-04 11:29:55.443  WARN 70425 --- [http-nio-8080-exec-6] o.s.web.servlet.PageNotFound             : No mapping found for HTTP request with URI [/img/clipboard.min.js] in DispatcherServlet with name 'dispatcherServlet'
2020-11-04 11:29:55.467  WARN 70425 --- [http-nio-8080-exec-4] o.s.web.servlet.PageNotFound             : No mapping found for HTTP request with URI [/img/15517592323.jpg] in DispatcherServlet with name 'dispatcherServlet'
2020-11-04 11:30:09.816  WARN 70425 --- [http-nio-8080-exec-2] o.s.web.servlet.PageNotFound             : No mapping found for HTTP request with URI [/img/clipboard.min.js] in DispatcherServlet with name 'dispatcherServlet'
2020-11-04 11:30:10.231  WARN 70425 --- [http-nio-8080-exec-9] o.s.web.servlet.PageNotFound             : No mapping found for HTTP request with URI [/img/wx.gif] in DispatcherServlet with name 'dispatcherServlet'
2020-11-04 11:30:10.257  WARN 70425 --- [http-nio-8080-exec-1] o.s.web.servlet.PageNotFound             : No mapping found for HTTP request with URI [/img/clipboard.min.js] in DispatcherServlet with name 'dispatcherServlet'
2020-11-04 11:30:10.274  WARN 70425 --- [http-nio-8080-exec-5] o.s.web.servlet.PageNotFound             : No mapping found for HTTP request with URI [/img/15517592323.jpg] in DispatcherServlet with name 'dispatcherServlet'
2020-11-04 11:30:12.482  WARN 70425 --- [http-nio-8080-exec-3] o.s.web.servlet.PageNotFound             : No mapping found for HTTP request with URI [/jzgf/uploads/allimg/200829/1-200R91521390-L.jpg] in DispatcherServlet with name 'dispatcherServlet'
2020-11-04 11:30:12.483  WARN 70425 --- [http-nio-8080-exec-7] o.s.web.servlet.PageNotFound             : No mapping found for HTTP request with URI [/jzgf/uploads/allimg/200828/1-200RQ540460-L.jpg] in DispatcherServlet with name 'dispatcherServlet'
2020-11-04 11:30:12.483  WARN 70425 --- [http-nio-8080-exec-2] o.s.web.servlet.PageNotFound             : No mapping found for HTTP request with URI [/jzgf/uploads/allimg/191203/1-1912031441500-L.jpg] in DispatcherServlet with name 'dispatcherServlet'
2020-11-04 11:30:12.482  WARN 70425 --- [http-nio-8080-exec-4] o.s.web.servlet.PageNotFound             : No mapping found for HTTP request with URI [/jzgf/uploads/allimg/200817/1-200QG634420-L.jpg] in DispatcherServlet with name 'dispatcherServlet'
2020-11-04 11:30:12.482  WARN 70425 --- [http-nio-8080-exec-9] o.s.web.servlet.PageNotFound             : No mapping found for HTTP request with URI [/jzgf/uploads/allimg/191203/1-191203144K00-L.jpg] in DispatcherServlet with name 'dispatcherServlet'
2020-11-04 11:30:12.482  WARN 70425 --- [http-nio-8080-exec-8] o.s.web.servlet.PageNotFound             : No mapping found for HTTP request with URI [/jzgf/uploads/allimg/200829/1-200R9151S60-L.jpg] in DispatcherServlet with name 'dispatcherServlet'
2020-11-04 11:30:12.507  WARN 70425 --- [http-nio-8080-exec-1] o.s.web.servlet.PageNotFound             : No mapping found for HTTP request with URI [/jzgf/uploads/allimg/191203/1-1912031511130-L.jpg] in DispatcherServlet with name 'dispatcherServlet'
2020-11-04 11:30:12.507  WARN 70425 --- [http-nio-8080-exec-3] o.s.web.servlet.PageNotFound             : No mapping found for HTTP request with URI [/jzgf/uploads/allimg/161121/1-1611211430080-L.jpg] in DispatcherServlet with name 'dispatcherServlet'
2020-11-04 11:30:12.508  WARN 70425 --- [http-nio-8080-exec-7] o.s.web.servlet.PageNotFound             : No mapping found for HTTP request with URI [/jzgf/uploads/allimg/191203/1-1912031506430-L.jpg] in DispatcherServlet with name 'dispatcherServlet'
2020-11-04 11:30:12.509  WARN 70425 --- [http-nio-8080-exec-5] o.s.web.servlet.PageNotFound             : No mapping found for HTTP request with URI [/jzgf/uploads/allimg/161121/1-1611211431260-L.jpg] in DispatcherServlet with name 'dispatcherServlet'
2020-11-04 11:30:12.509  WARN 70425 --- [http-nio-8080-exec-10] o.s.web.servlet.PageNotFound             : No mapping found for HTTP request with URI [/jzgf/uploads/allimg/191203/1-1912031514140-L.jpg] in DispatcherServlet with name 'dispatcherServlet'
2020-11-04 11:30:12.509  WARN 70425 --- [http-nio-8080-exec-6] o.s.web.servlet.PageNotFound             : No mapping found for HTTP request with URI [/jzgf/uploads/allimg/191203/1-191203150P70-L.jpg] in DispatcherServlet with name 'dispatcherServlet'
2020-11-04 11:30:12.522  WARN 70425 --- [http-nio-8080-exec-9] o.s.web.servlet.PageNotFound             : No mapping found for HTTP request with URI [/jzgf/uploads/allimg/191203/1-1912031635380-L.jpg] in DispatcherServlet with name 'dispatcherServlet'
2020-11-04 11:30:12.522  WARN 70425 --- [http-nio-8080-exec-4] o.s.web.servlet.PageNotFound             : No mapping found for HTTP request with URI [/jzgf/uploads/allimg/191025/1-1910251G5540-L.jpg] in DispatcherServlet with name 'dispatcherServlet'
2020-11-04 11:30:12.522  WARN 70425 --- [http-nio-8080-exec-2] o.s.web.servlet.PageNotFound             : No mapping found for HTTP request with URI [/jzgf/uploads/allimg/191203/1-1912031631580-L.jpg] in DispatcherServlet with name 'dispatcherServlet'
2020-11-04 11:30:12.557  WARN 70425 --- [http-nio-8080-exec-1] o.s.web.servlet.PageNotFound             : No mapping found for HTTP request with URI [/jzgf/uploads/allimg/191203/1-1912031636440-L.jpg] in DispatcherServlet with name 'dispatcherServlet'
2020-11-04 11:30:12.557  WARN 70425 --- [http-nio-8080-exec-8] o.s.web.servlet.PageNotFound             : No mapping found for HTTP request with URI [/jzgf/uploads/allimg/191203/1-1912031630070-L.jpg] in DispatcherServlet with name 'dispatcherServlet'
2020-11-04 11:30:12.559  WARN 70425 --- [http-nio-8080-exec-7] o.s.web.servlet.PageNotFound             : No mapping found for HTTP request with URI [/jzgf/uploads/allimg/191025/1-1910251639320-L.jpg] in DispatcherServlet with name 'dispatcherServlet'
2020-11-04 11:30:12.788  WARN 70425 --- [http-nio-8080-exec-3] o.s.web.servlet.PageNotFound             : No mapping found for HTTP request with URI [/jzgf/uploads/allimg/191025/1-1910251504560-L.jpg] in DispatcherServlet with name 'dispatcherServlet'
2020-11-04 11:30:12.788  WARN 70425 --- [http-nio-8080-exec-5] o.s.web.servlet.PageNotFound             : No mapping found for HTTP request with URI [/jzgf/uploads/allimg/191025/1-1910251426080-L.jpg] in DispatcherServlet with name 'dispatcherServlet'
2020-11-04 11:30:12.788  WARN 70425 --- [http-nio-8080-exec-10] o.s.web.servlet.PageNotFound             : No mapping found for HTTP request with URI [/jzgf/uploads/allimg/191025/1-191025144A40-L.jpg] in DispatcherServlet with name 'dispatcherServlet'
2020-11-04 11:30:12.816  WARN 70425 --- [http-nio-8080-exec-6] o.s.web.servlet.PageNotFound             : No mapping found for HTTP request with URI [/jzgf/uploads/allimg/191025/1-191025141Q60-L.jpg] in DispatcherServlet with name 'dispatcherServlet'
2020-11-04 11:30:12.816  WARN 70425 --- [http-nio-8080-exec-9] o.s.web.servlet.PageNotFound             : No mapping found for HTTP request with URI [/jzgf/uploads/allimg/191025/1-1910251302020-L.jpg] in DispatcherServlet with name 'dispatcherServlet'
2020-11-04 11:30:12.816  WARN 70425 --- [http-nio-8080-exec-4] o.s.web.servlet.PageNotFound             : No mapping found for HTTP request with URI [/jzgf/uploads/allimg/191025/1-1910251345470-L.jpg] in DispatcherServlet with name 'dispatcherServlet'
2020-11-04 11:30:40.209  WARN 70425 --- [http-nio-8080-exec-1] o.s.web.servlet.PageNotFound             : No mapping found for HTTP request with URI [/jzgf/uploads/allimg/161120/1-1611201HA30-L.jpg] in DispatcherServlet with name 'dispatcherServlet'
2020-11-04 11:30:40.209  WARN 70425 --- [http-nio-8080-exec-8] o.s.web.servlet.PageNotFound             : No mapping found for HTTP request with URI [/jzgf/uploads/allimg/161120/1-1611201G3510-L.jpg] in DispatcherServlet with name 'dispatcherServlet'
2020-11-04 11:30:40.209  WARN 70425 --- [http-nio-8080-exec-2] o.s.web.servlet.PageNotFound             : No mapping found for HTTP request with URI [/jzgf/uploads/allimg/161120/1-1611201J1070-L.jpg] in DispatcherServlet with name 'dispatcherServlet'
2020-11-04 11:30:40.275  WARN 70425 --- [http-nio-8080-exec-7] o.s.web.servlet.PageNotFound             : No mapping found for HTTP request with URI [/jzgf/uploads/allimg/161120/1-1611201K3410-L.jpg] in DispatcherServlet with name 'dispatcherServlet'
2020-11-04 11:30:40.275  WARN 70425 --- [http-nio-8080-exec-5] o.s.web.servlet.PageNotFound             : No mapping found for HTTP request with URI [/jzgf/uploads/allimg/161120/1-1611201I2580-L.jpg] in DispatcherServlet with name 'dispatcherServlet'
2020-11-04 11:30:40.275  WARN 70425 --- [http-nio-8080-exec-3] o.s.web.servlet.PageNotFound             : No mapping found for HTTP request with URI [/jzgf/uploads/allimg/161120/1-1611201J9560-L.jpg] in DispatcherServlet with name 'dispatcherServlet'
2020-11-04 11:30:46.398  WARN 70425 --- [http-nio-8080-exec-3] o.s.web.servlet.PageNotFound             : No mapping found for HTTP request with URI [/img/clipboard.min.js] in DispatcherServlet with name 'dispatcherServlet'
2020-11-04 11:30:46.524  WARN 70425 --- [http-nio-8080-exec-4] o.s.web.servlet.PageNotFound             : No mapping found for HTTP request with URI [/img/wx.gif] in DispatcherServlet with name 'dispatcherServlet'
2020-11-04 11:30:46.704  WARN 70425 --- [http-nio-8080-exec-10] o.s.web.servlet.PageNotFound             : No mapping found for HTTP request with URI [/img/clipboard.min.js] in DispatcherServlet with name 'dispatcherServlet'
2020-11-04 11:30:46.721  WARN 70425 --- [http-nio-8080-exec-6] o.s.web.servlet.PageNotFound             : No mapping found for HTTP request with URI [/img/15517592323.jpg] in DispatcherServlet with name 'dispatcherServlet'
2020-11-04 11:31:24.596  INFO 70425 --- [Thread-3] ationConfigEmbeddedWebApplicationContext : Closing org.springframework.boot.context.embedded.AnnotationConfigEmbeddedWebApplicationContext@290d210d: startup date [Wed Nov 04 11:27:06 CST 2020]; root of context hierarchy
2020-11-04 11:31:24.597  INFO 70425 --- [Thread-3] o.s.j.e.a.AnnotationMBeanExporter        : Unregistering JMX-exposed beans on shutdown
2020-11-04 11:31:24.597  INFO 70425 --- [Thread-3] o.s.j.e.a.AnnotationMBeanExporter        : Unregistering JMX-exposed beans
2020-11-04 11:33:25.548  INFO 70611 --- [main] com.wll.test.Start                       : Starting Start on Mac.local with PID 70611 (/Users/wulinli/git/lock/admin-service/target/classes started by wulinli in /Users/wulinli/git/lock/admin-service)
2020-11-04 11:33:25.551  INFO 70611 --- [main] com.wll.test.Start                       : No active profile set, falling back to default profiles: default
2020-11-04 11:33:25.626  INFO 70611 --- [main] ationConfigEmbeddedWebApplicationContext : Refreshing org.springframework.boot.context.embedded.AnnotationConfigEmbeddedWebApplicationContext@290d210d: startup date [Wed Nov 04 11:33:25 CST 2020]; root of context hierarchy
2020-11-04 11:33:26.035  INFO 70611 --- [background-preinit] o.h.validator.internal.util.Version      : HV000001: Hibernate Validator 5.3.6.Final
2020-11-04 11:33:27.193  INFO 70611 --- [main] s.b.c.e.t.TomcatEmbeddedServletContainer : Tomcat initialized with port(s): 8080 (http)
2020-11-04 11:33:27.206  INFO 70611 --- [main] o.apache.catalina.core.StandardService   : Starting service [Tomcat]
2020-11-04 11:33:27.207  INFO 70611 --- [main] org.apache.catalina.core.StandardEngine  : Starting Servlet Engine: Apache Tomcat/8.5.27
2020-11-04 11:33:27.293  INFO 70611 --- [localhost-startStop-1] o.a.c.c.C.[Tomcat].[localhost].[/]       : Initializing Spring embedded WebApplicationContext
2020-11-04 11:33:27.293  INFO 70611 --- [localhost-startStop-1] o.s.web.context.ContextLoader            : Root WebApplicationContext: initialization completed in 1667 ms
2020-11-04 11:33:27.437  INFO 70611 --- [localhost-startStop-1] o.s.b.w.servlet.ServletRegistrationBean  : Mapping servlet: 'dispatcherServlet' to [/]
2020-11-04 11:33:27.441  INFO 70611 --- [localhost-startStop-1] o.s.b.w.servlet.FilterRegistrationBean   : Mapping filter: 'characterEncodingFilter' to: [/*]
2020-11-04 11:33:27.442  INFO 70611 --- [localhost-startStop-1] o.s.b.w.servlet.FilterRegistrationBean   : Mapping filter: 'hiddenHttpMethodFilter' to: [/*]
2020-11-04 11:33:27.442  INFO 70611 --- [localhost-startStop-1] o.s.b.w.servlet.FilterRegistrationBean   : Mapping filter: 'httpPutFormContentFilter' to: [/*]
2020-11-04 11:33:27.445  INFO 70611 --- [localhost-startStop-1] o.s.b.w.servlet.FilterRegistrationBean   : Mapping filter: 'requestContextFilter' to: [/*]
2020-11-04 11:33:28.003  INFO 70611 --- [main] s.w.s.m.m.a.RequestMappingHandlerAdapter : Looking for @ControllerAdvice: org.springframework.boot.context.embedded.AnnotationConfigEmbeddedWebApplicationContext@290d210d: startup date [Wed Nov 04 11:33:25 CST 2020]; root of context hierarchy
2020-11-04 11:33:28.062  INFO 70611 --- [main] s.w.s.m.m.a.RequestMappingHandlerMapping : Mapped "{[/home]}" onto public java.lang.String com.wll.test.controller.PageController.home()
2020-11-04 11:33:28.063  INFO 70611 --- [main] s.w.s.m.m.a.RequestMappingHandlerMapping : Mapped "{[/login]}" onto public java.lang.String com.wll.test.controller.PageController.detail()
2020-11-04 11:33:28.063  INFO 70611 --- [main] s.w.s.m.m.a.RequestMappingHandlerMapping : Mapped "{[/]}" onto public java.lang.String com.wll.test.controller.PageController.index()
2020-11-04 11:33:28.067  INFO 70611 --- [main] s.w.s.m.m.a.RequestMappingHandlerMapping : Mapped "{[/user/login],methods=[POST]}" onto public java.lang.Object com.wll.test.controller.UserController.login(java.lang.String,java.lang.String)
2020-11-04 11:33:28.068  INFO 70611 --- [main] s.w.s.m.m.a.RequestMappingHandlerMapping : Mapped "{[/user/queryByConditions],methods=[POST]}" onto public java.lang.Object com.wll.test.controller.UserController.queryByConditions(java.lang.String,java.lang.String,java.lang.String,java.lang.String)
2020-11-04 11:33:28.068  INFO 70611 --- [main] s.w.s.m.m.a.RequestMappingHandlerMapping : Mapped "{[/user/queryOne],methods=[POST]}" onto public java.lang.Object com.wll.test.controller.UserController.queryOne(java.lang.String)
2020-11-04 11:33:28.068  INFO 70611 --- [main] s.w.s.m.m.a.RequestMappingHandlerMapping : Mapped "{[/user/deleteOne],methods=[POST]}" onto public java.lang.Object com.wll.test.controller.UserController.deleteOne(java.lang.String)
2020-11-04 11:33:28.068  INFO 70611 --- [main] s.w.s.m.m.a.RequestMappingHandlerMapping : Mapped "{[/user/addMessage],methods=[POST]}" onto public java.lang.String com.wll.test.controller.UserController.insert(java.lang.String,java.lang.String,java.lang.String)
2020-11-04 11:33:28.070  INFO 70611 --- [main] s.w.s.m.m.a.RequestMappingHandlerMapping : Mapped "{[/error]}" onto public org.springframework.http.ResponseEntity<java.util.Map<java.lang.String, java.lang.Object>> org.springframework.boot.autoconfigure.web.BasicErrorController.error(javax.servlet.http.HttpServletRequest)
2020-11-04 11:33:28.070  INFO 70611 --- [main] s.w.s.m.m.a.RequestMappingHandlerMapping : Mapped "{[/error],produces=[text/html]}" onto public org.springframework.web.servlet.ModelAndView org.springframework.boot.autoconfigure.web.BasicErrorController.errorHtml(javax.servlet.http.HttpServletRequest,javax.servlet.http.HttpServletResponse)
2020-11-04 11:33:28.096  INFO 70611 --- [main] o.s.w.s.handler.SimpleUrlHandlerMapping  : Mapped URL path [/webjars/**] onto handler of type [class org.springframework.web.servlet.resource.ResourceHttpRequestHandler]
2020-11-04 11:33:28.096  INFO 70611 --- [main] o.s.w.s.handler.SimpleUrlHandlerMapping  : Mapped URL path [/static/**] onto handler of type [class org.springframework.web.servlet.resource.ResourceHttpRequestHandler]
2020-11-04 11:33:28.131  INFO 70611 --- [main] o.s.w.s.handler.SimpleUrlHandlerMapping  : Mapped URL path [/**/favicon.ico] onto handler of type [class org.springframework.web.servlet.resource.ResourceHttpRequestHandler]
2020-11-04 11:33:28.439  INFO 70611 --- [main] o.s.w.s.v.f.FreeMarkerConfigurer         : ClassTemplateLoader for Spring macros added to FreeMarker configuration
2020-11-04 11:33:28.675  INFO 70611 --- [main] o.s.j.e.a.AnnotationMBeanExporter        : Registering beans for JMX exposure on startup
2020-11-04 11:33:28.676  INFO 70611 --- [main] o.s.j.e.a.AnnotationMBeanExporter        : Bean with name 'dataSource' has been autodetected for JMX exposure
2020-11-04 11:33:28.680  INFO 70611 --- [main] o.s.j.e.a.AnnotationMBeanExporter        : Located MBean 'dataSource': registering with JMX server as MBean [com.alibaba.druid.pool:name=dataSource,type=DruidDataSource]
2020-11-04 11:33:28.693  INFO 70611 --- [main] o.a.coyote.http11.Http11NioProtocol      : Initializing ProtocolHandler ["http-nio-8080"]
2020-11-04 11:33:28.704  INFO 70611 --- [main] o.a.coyote.http11.Http11NioProtocol      : Starting ProtocolHandler ["http-nio-8080"]
2020-11-04 11:33:28.720  INFO 70611 --- [main] o.a.tomcat.util.net.NioSelectorPool      : Using a shared selector for servlet write/read
2020-11-04 11:33:28.737  INFO 70611 --- [main] s.b.c.e.t.TomcatEmbeddedServletContainer : Tomcat started on port(s): 8080 (http)
2020-11-04 11:33:28.743  INFO 70611 --- [main] com.wll.test.Start                       : Started Start in 3.545 seconds (JVM running for 3.913)
2020-11-04 11:33:34.472  INFO 70611 --- [http-nio-8080-exec-1] o.a.c.c.C.[Tomcat].[localhost].[/]       : Initializing Spring FrameworkServlet 'dispatcherServlet'
2020-11-04 11:33:34.472  INFO 70611 --- [http-nio-8080-exec-1] o.s.web.servlet.DispatcherServlet        : FrameworkServlet 'dispatcherServlet': initialization started
2020-11-04 11:33:34.492  INFO 70611 --- [http-nio-8080-exec-1] o.s.web.servlet.DispatcherServlet        : FrameworkServlet 'dispatcherServlet': initialization completed in 20 ms
2020-11-04 11:33:34.825  WARN 70611 --- [http-nio-8080-exec-9] o.s.web.servlet.PageNotFound             : No mapping found for HTTP request with URI [/img/clipboard.min.js] in DispatcherServlet with name 'dispatcherServlet'
2020-11-04 11:33:35.034  WARN 70611 --- [http-nio-8080-exec-3] o.s.web.servlet.PageNotFound             : No mapping found for HTTP request with URI [/img/clipboard.min.js] in DispatcherServlet with name 'dispatcherServlet'
2020-11-04 11:33:35.050  WARN 70611 --- [http-nio-8080-exec-6] o.s.web.servlet.PageNotFound             : No mapping found for HTTP request with URI [/img/wx.gif] in DispatcherServlet with name 'dispatcherServlet'
2020-11-04 11:33:54.348  INFO 70611 --- [Thread-3] ationConfigEmbeddedWebApplicationContext : Closing org.springframework.boot.context.embedded.AnnotationConfigEmbeddedWebApplicationContext@290d210d: startup date [Wed Nov 04 11:33:25 CST 2020]; root of context hierarchy
2020-11-04 11:33:54.350  INFO 70611 --- [Thread-3] o.s.j.e.a.AnnotationMBeanExporter        : Unregistering JMX-exposed beans on shutdown
2020-11-04 11:33:54.350  INFO 70611 --- [Thread-3] o.s.j.e.a.AnnotationMBeanExporter        : Unregistering JMX-exposed beans
2020-11-04 11:34:42.803  INFO 70646 --- [main] com.wll.test.Start                       : Starting Start on Mac.local with PID 70646 (/Users/wulinli/git/lock/admin-service/target/classes started by wulinli in /Users/wulinli/git/lock/admin-service)
2020-11-04 11:34:42.806  INFO 70646 --- [main] com.wll.test.Start                       : No active profile set, falling back to default profiles: default
2020-11-04 11:34:42.855  INFO 70646 --- [main] ationConfigEmbeddedWebApplicationContext : Refreshing org.springframework.boot.context.embedded.AnnotationConfigEmbeddedWebApplicationContext@290d210d: startup date [Wed Nov 04 11:34:42 CST 2020]; root of context hierarchy
2020-11-04 11:34:43.123  INFO 70646 --- [background-preinit] o.h.validator.internal.util.Version      : HV000001: Hibernate Validator 5.3.6.Final
2020-11-04 11:34:44.246  INFO 70646 --- [main] s.b.c.e.t.TomcatEmbeddedServletContainer : Tomcat initialized with port(s): 8080 (http)
2020-11-04 11:34:44.259  INFO 70646 --- [main] o.apache.catalina.core.StandardService   : Starting service [Tomcat]
2020-11-04 11:34:44.260  INFO 70646 --- [main] org.apache.catalina.core.StandardEngine  : Starting Servlet Engine: Apache Tomcat/8.5.27
2020-11-04 11:34:44.363  INFO 70646 --- [localhost-startStop-1] o.a.c.c.C.[Tomcat].[localhost].[/]       : Initializing Spring embedded WebApplicationContext
2020-11-04 11:34:44.364  INFO 70646 --- [localhost-startStop-1] o.s.web.context.ContextLoader            : Root WebApplicationContext: initialization completed in 1510 ms
2020-11-04 11:34:44.507  INFO 70646 --- [localhost-startStop-1] o.s.b.w.servlet.ServletRegistrationBean  : Mapping servlet: 'dispatcherServlet' to [/]
2020-11-04 11:34:44.511  INFO 70646 --- [localhost-startStop-1] o.s.b.w.servlet.FilterRegistrationBean   : Mapping filter: 'characterEncodingFilter' to: [/*]
2020-11-04 11:34:44.512  INFO 70646 --- [localhost-startStop-1] o.s.b.w.servlet.FilterRegistrationBean   : Mapping filter: 'hiddenHttpMethodFilter' to: [/*]
2020-11-04 11:34:44.512  INFO 70646 --- [localhost-startStop-1] o.s.b.w.servlet.FilterRegistrationBean   : Mapping filter: 'httpPutFormContentFilter' to: [/*]
2020-11-04 11:34:44.512  INFO 70646 --- [localhost-startStop-1] o.s.b.w.servlet.FilterRegistrationBean   : Mapping filter: 'requestContextFilter' to: [/*]
2020-11-04 11:34:45.026  INFO 70646 --- [main] s.w.s.m.m.a.RequestMappingHandlerAdapter : Looking for @ControllerAdvice: org.springframework.boot.context.embedded.AnnotationConfigEmbeddedWebApplicationContext@290d210d: startup date [Wed Nov 04 11:34:42 CST 2020]; root of context hierarchy
2020-11-04 11:34:45.089  INFO 70646 --- [main] s.w.s.m.m.a.RequestMappingHandlerMapping : Mapped "{[/home]}" onto public java.lang.String com.wll.test.controller.PageController.home()
2020-11-04 11:34:45.090  INFO 70646 --- [main] s.w.s.m.m.a.RequestMappingHandlerMapping : Mapped "{[/]}" onto public java.lang.String com.wll.test.controller.PageController.index()
2020-11-04 11:34:45.090  INFO 70646 --- [main] s.w.s.m.m.a.RequestMappingHandlerMapping : Mapped "{[/login]}" onto public java.lang.String com.wll.test.controller.PageController.detail()
2020-11-04 11:34:45.094  INFO 70646 --- [main] s.w.s.m.m.a.RequestMappingHandlerMapping : Mapped "{[/user/addMessage],methods=[POST]}" onto public java.lang.String com.wll.test.controller.UserController.insert(java.lang.String,java.lang.String,java.lang.String)
2020-11-04 11:34:45.094  INFO 70646 --- [main] s.w.s.m.m.a.RequestMappingHandlerMapping : Mapped "{[/user/login],methods=[POST]}" onto public java.lang.Object com.wll.test.controller.UserController.login(java.lang.String,java.lang.String)
2020-11-04 11:34:45.094  INFO 70646 --- [main] s.w.s.m.m.a.RequestMappingHandlerMapping : Mapped "{[/user/queryByConditions],methods=[POST]}" onto public java.lang.Object com.wll.test.controller.UserController.queryByConditions(java.lang.String,java.lang.String,java.lang.String,java.lang.String)
2020-11-04 11:34:45.095  INFO 70646 --- [main] s.w.s.m.m.a.RequestMappingHandlerMapping : Mapped "{[/user/queryOne],methods=[POST]}" onto public java.lang.Object com.wll.test.controller.UserController.queryOne(java.lang.String)
2020-11-04 11:34:45.095  INFO 70646 --- [main] s.w.s.m.m.a.RequestMappingHandlerMapping : Mapped "{[/user/deleteOne],methods=[POST]}" onto public java.lang.Object com.wll.test.controller.UserController.deleteOne(java.lang.String)
2020-11-04 11:34:45.097  INFO 70646 --- [main] s.w.s.m.m.a.RequestMappingHandlerMapping : Mapped "{[/error]}" onto public org.springframework.http.ResponseEntity<java.util.Map<java.lang.String, java.lang.Object>> org.springframework.boot.autoconfigure.web.BasicErrorController.error(javax.servlet.http.HttpServletRequest)
2020-11-04 11:34:45.097  INFO 70646 --- [main] s.w.s.m.m.a.RequestMappingHandlerMapping : Mapped "{[/error],produces=[text/html]}" onto public org.springframework.web.servlet.ModelAndView org.springframework.boot.autoconfigure.web.BasicErrorController.errorHtml(javax.servlet.http.HttpServletRequest,javax.servlet.http.HttpServletResponse)
2020-11-04 11:34:45.122  INFO 70646 --- [main] o.s.w.s.handler.SimpleUrlHandlerMapping  : Mapped URL path [/webjars/**] onto handler of type [class org.springframework.web.servlet.resource.ResourceHttpRequestHandler]
2020-11-04 11:34:45.122  INFO 70646 --- [main] o.s.w.s.handler.SimpleUrlHandlerMapping  : Mapped URL path [/static/**] onto handler of type [class org.springframework.web.servlet.resource.ResourceHttpRequestHandler]
2020-11-04 11:34:45.153  INFO 70646 --- [main] o.s.w.s.handler.SimpleUrlHandlerMapping  : Mapped URL path [/**/favicon.ico] onto handler of type [class org.springframework.web.servlet.resource.ResourceHttpRequestHandler]
2020-11-04 11:34:45.436  INFO 70646 --- [main] o.s.w.s.v.f.FreeMarkerConfigurer         : ClassTemplateLoader for Spring macros added to FreeMarker configuration
2020-11-04 11:34:45.654  INFO 70646 --- [main] o.s.j.e.a.AnnotationMBeanExporter        : Registering beans for JMX exposure on startup
2020-11-04 11:34:45.655  INFO 70646 --- [main] o.s.j.e.a.AnnotationMBeanExporter        : Bean with name 'dataSource' has been autodetected for JMX exposure
2020-11-04 11:34:45.663  INFO 70646 --- [main] o.s.j.e.a.AnnotationMBeanExporter        : Located MBean 'dataSource': registering with JMX server as MBean [com.alibaba.druid.pool:name=dataSource,type=DruidDataSource]
2020-11-04 11:34:45.676  INFO 70646 --- [main] o.a.coyote.http11.Http11NioProtocol      : Initializing ProtocolHandler ["http-nio-8080"]
2020-11-04 11:34:45.687  INFO 70646 --- [main] o.a.coyote.http11.Http11NioProtocol      : Starting ProtocolHandler ["http-nio-8080"]
2020-11-04 11:34:45.702  INFO 70646 --- [main] o.a.tomcat.util.net.NioSelectorPool      : Using a shared selector for servlet write/read
2020-11-04 11:34:45.719  INFO 70646 --- [main] s.b.c.e.t.TomcatEmbeddedServletContainer : Tomcat started on port(s): 8080 (http)
2020-11-04 11:34:45.723  INFO 70646 --- [main] com.wll.test.Start                       : Started Start in 3.244 seconds (JVM running for 3.53)
2020-11-04 11:34:49.272  INFO 70646 --- [http-nio-8080-exec-1] o.a.c.c.C.[Tomcat].[localhost].[/]       : Initializing Spring FrameworkServlet 'dispatcherServlet'
2020-11-04 11:34:49.273  INFO 70646 --- [http-nio-8080-exec-1] o.s.web.servlet.DispatcherServlet        : FrameworkServlet 'dispatcherServlet': initialization started
2020-11-04 11:34:49.289  INFO 70646 --- [http-nio-8080-exec-1] o.s.web.servlet.DispatcherServlet        : FrameworkServlet 'dispatcherServlet': initialization completed in 16 ms
2020-11-04 11:34:49.641  WARN 70646 --- [http-nio-8080-exec-5] o.s.web.servlet.PageNotFound             : No mapping found for HTTP request with URI [/img/wx.gif] in DispatcherServlet with name 'dispatcherServlet'
2020-11-04 11:36:20.187  INFO 70646 --- [Thread-3] ationConfigEmbeddedWebApplicationContext : Closing org.springframework.boot.context.embedded.AnnotationConfigEmbeddedWebApplicationContext@290d210d: startup date [Wed Nov 04 11:34:42 CST 2020]; root of context hierarchy
2020-11-04 11:36:20.189  INFO 70646 --- [Thread-3] o.s.j.e.a.AnnotationMBeanExporter        : Unregistering JMX-exposed beans on shutdown
2020-11-04 11:36:20.189  INFO 70646 --- [Thread-3] o.s.j.e.a.AnnotationMBeanExporter        : Unregistering JMX-exposed beans
